2026-04-29 07:43:02 +0000 [MT] Initial pipeline context: <IDEDistributionProcessingPipelineContext: 0x7fdaa2c694d0; archive(resolved)="<IDEArchive: 0x6000002fa370>", distributionTask(resolved)="2", distributionDestination(resolved)="1", distributionMethod(resolved)="<IDEDistributionMethodiOSAppStoreDistribution: 0x600002b2f070>", team(resolved)="<IDEProvisioningBasicTeam: 0x600002f5c9a0; teamID='JGA9YRT5S9', teamName='Ibrahim Abu dbay'>">
	Chain (15, self inclusive):
	<IDEDistributionProcessingPipelineContext: 0x7fdaa2c694d0; archive = "<IDEArchive: 0x6000002fa370>", distributionMethod="<IDEDistributionMethodiOSAppStoreDistribution: 0x600002b2f070>", team="<IDEProvisioningBasicTeam: 0x600002f5c9a0; teamID='JGA9YRT5S9', teamName='Ibrahim Abu dbay'>">
	<IDEDistributionProcessingPipelineContext: 0x7fdaa2c624e0; archive = "<IDEArchive: 0x6000002fa370>", distributionMethod="<IDEDistributionMethodiOSAppStoreDistribution: 0x600002b2f070>", team="<IDEProvisioningBasicTeam: 0x600002f5c9a0; teamID='JGA9YRT5S9', teamName='Ibrahim Abu dbay'>">
	<IDEDistributionContext: 0x7fdaa2c528c0; archive = "<IDEArchive: 0x6000002fa370>", distributionMethod="<IDEDistributionMethodiOSAppStoreDistribution: 0x600002b2f070>", team="<IDEProvisioningBasicTeam: 0x600002f5c9a0; teamID='JGA9YRT5S9', teamName='Ibrahim Abu dbay'>">
	<IDEDistributionContext: 0x7fda9f024730; archive = "<IDEArchive: 0x6000002fa370>", distributionMethod="<IDEDistributionMethodiOSAppStoreDistribution: 0x600002b2f070>", team="<IDEProvisioningBasicTeam: 0x600002f5c9a0; teamID='JGA9YRT5S9', teamName='Ibrahim Abu dbay'>">
	<IDEDistributionContext: 0x7fdaa2c593b0; archive = "<IDEArchive: 0x6000002fa370>", distributionMethod="<IDEDistributionMethodiOSAppStoreDistribution: 0x600002b2f070>", team="<IDEProvisioningBasicTeam: 0x600002f5c9a0; teamID='JGA9YRT5S9', teamName='Ibrahim Abu dbay'>">
	<IDEDistributionContext: 0x7fdaa2c42340; archive = "<IDEArchive: 0x6000002fa370>", distributionMethod="<IDEDistributionMethodiOSAppStoreDistribution: 0x600002b2f070>", team="<IDEProvisioningBasicTeam: 0x600002f5c9a0; teamID='JGA9YRT5S9', teamName='Ibrahim Abu dbay'>">
	<IDEDistributionContext: 0x7fdaa2c42130; archive = "<IDEArchive: 0x6000002fa370>", distributionMethod="<IDEDistributionMethodiOSAppStoreDistribution: 0x600002b2f070>", team="<IDEProvisioningBasicTeam: 0x600002f5c9a0; teamID='JGA9YRT5S9', teamName='Ibrahim Abu dbay'>">
	<IDEDistributionContext: 0x7fda9f26f5a0; archive = "<IDEArchive: 0x6000002fa370>", distributionMethod="<IDEDistributionMethodiOSAppStoreDistribution: 0x600002b2f070>", team="<IDEProvisioningBasicTeam: 0x600002f5c9a0; teamID='JGA9YRT5S9', teamName='Ibrahim Abu dbay'>">
	<IDEDistributionContext: 0x7fdaa2c41170; archive = "<IDEArchive: 0x6000002fa370>", distributionMethod="<IDEDistributionMethodiOSAppStoreDistribution: 0x600002b2f070>", team="<IDEProvisioningBasicTeam: 0x600002f5c9a0; teamID='JGA9YRT5S9', teamName='Ibrahim Abu dbay'>">
	<IDEDistributionContext: 0x7fda9f261ed0; archive = "<IDEArchive: 0x6000002fa370>", distributionMethod="<IDEDistributionMethodiOSAppStoreDistribution: 0x600002b2f070>", team="<IDEProvisioningBasicTeam: 0x600002f5c9a0; teamID='JGA9YRT5S9', teamName='Ibrahim Abu dbay'>">
	<IDEDistributionContext: 0x7fda9f1279a0; archive = "<IDEArchive: 0x6000002fa370>", distributionMethod="<IDEDistributionMethodiOSAppStoreDistribution: 0x600002b2f070>", team="<IDEProvisioningBasicTeam: 0x600002f5c9a0; teamID='JGA9YRT5S9', teamName='Ibrahim Abu dbay'>">
	<IDEDistributionContext: 0x7fda9f26fec0; archive = "<IDEArchive: 0x6000002fa370>", distributionMethod="<IDEDistributionMethodiOSAppStoreDistribution: 0x600002b2f070>", team="<IDEProvisioningBasicTeam: 0x600002f5c9a0; teamID='JGA9YRT5S9', teamName='Ibrahim Abu dbay'>">
	<IDEDistributionContext: 0x7fda9f26ee40; archive = "<IDEArchive: 0x6000002fa370>", distributionMethod="<IDEDistributionMethodiOSAppStoreDistribution: 0x600002b2f070>", team="(null)">
	<IDEDistributionContext: 0x7fda9f705e10; archive = "<IDEArchive: 0x6000002fa370>", distributionMethod="<IDEDistributionMethodiOSAppStoreDistribution: 0x600002b2f070>", team="(null)">
	<IDEDistributionContext: 0x7fda9df08c00; archive = "<IDEArchive: 0x6000002fa370>", distributionMethod="(null)", team="(null)">
</IDEDistributionProcessingPipelineContext: 0x7fdaa2c694d0>
2026-04-29 07:43:02 +0000 [MT] Processing step: IDEDistributionCreateDestRootStep
2026-04-29 07:43:02 +0000 [MT] Processing step: IDEDistributionCopyItemStep
2026-04-29 07:43:02 +0000 [MT] Running /usr/bin/ditto '-V' '/Users/user/Desktop/app_output/build/App.xcarchive/Products/Applications/App.app' '/var/folders/64/7g_ytb6x56l3s05htrg6jynh0000gn/T/XcodeDistPipeline.~~~SQjPDX/Root/Payload/App.app'
2026-04-29 07:43:02 +0000  >>> Copying /Users/user/Desktop/app_output/build/App.xcarchive/Products/Applications/App.app 
2026-04-29 07:43:02 +0000  copying file ./_CodeSignature/CodeResources ... 
2026-04-29 07:43:02 +0000  13405 bytes for ./_CodeSignature/CodeResources
2026-04-29 07:43:02 +0000  copying file ./File.txt ... 
2026-04-29 07:43:02 +0000  2339 bytes for ./File.txt
copying file ./App ... 
2026-04-29 07:43:02 +0000  6358880 bytes for ./App
copying file ./AppIcon60x60@2x.png ... 
2026-04-29 07:43:02 +0000  4734 bytes for ./AppIcon60x60@2x.png
2026-04-29 07:43:02 +0000  copying file ./Base.lproj/Main.storyboardc/UIViewController-BYZ-38-t0r.nib ... 
2026-04-29 07:43:02 +0000  858 bytes for ./Base.lproj/Main.storyboardc/UIViewController-BYZ-38-t0r.nib
copying file ./Base.lproj/Main.storyboardc/Info.plist ... 
2026-04-29 07:43:02 +0000  258 bytes for ./Base.lproj/Main.storyboardc/Info.plist
2026-04-29 07:43:02 +0000  copying file ./Base.lproj/LaunchScreen.storyboardc/01J-lp-oVM-view-snD-IY-ifK.nib ... 
2026-04-29 07:43:02 +0000  1278 bytes for ./Base.lproj/LaunchScreen.storyboardc/01J-lp-oVM-view-snD-IY-ifK.nib
2026-04-29 07:43:02 +0000  copying file ./Base.lproj/LaunchScreen.storyboardc/UIViewController-01J-lp-oVM.nib ... 
2026-04-29 07:43:02 +0000  924 bytes for ./Base.lproj/LaunchScreen.storyboardc/UIViewController-01J-lp-oVM.nib
copying file ./Base.lproj/LaunchScreen.storyboardc/Info.plist ... 
2026-04-29 07:43:02 +0000  258 bytes for ./Base.lproj/LaunchScreen.storyboardc/Info.plist
2026-04-29 07:43:02 +0000  copying file ./config.xml ... 
2026-04-29 07:43:02 +0000  185 bytes for ./config.xml
2026-04-29 07:43:02 +0000  copying file ./public/index.html ... 
2026-04-29 07:43:02 +0000  2991 bytes for ./public/index.html
copying file ./public/cordova.js ... 
2026-04-29 07:43:02 +0000  0 bytes for ./public/cordova.js
copying file ./public/favicon.png ... 
2026-04-29 07:43:02 +0000  1145 bytes for ./public/favicon.png
2026-04-29 07:43:02 +0000  copying file ./public/cordova_plugins.js ... 
2026-04-29 07:43:02 +0000  0 bytes for ./public/cordova_plugins.js
2026-04-29 07:43:02 +0000  copying file ./public/assets/index-C-_mgy1-.css ... 
2026-04-29 07:43:02 +0000  93058 bytes for ./public/assets/index-C-_mgy1-.css
copying file ./public/assets/pdf-C4heYEAT.js ... 
2026-04-29 07:43:02 +0000  411005 bytes for ./public/assets/pdf-C4heYEAT.js
2026-04-29 07:43:02 +0000  copying file ./public/assets/web-CRpOID4r.js ... 
2026-04-29 07:43:02 +0000  842 bytes for ./public/assets/web-CRpOID4r.js
2026-04-29 07:43:02 +0000  copying file ./public/assets/web-BaKRh6ye.js ... 
2026-04-29 07:43:02 +0000  379 bytes for ./public/assets/web-BaKRh6ye.js
2026-04-29 07:43:02 +0000  copying file ./public/assets/index-291w3hTS.js ... 
2026-04-29 07:43:02 +0000  553 bytes for ./public/assets/index-291w3hTS.js
copying file ./public/assets/index-BYXSW4Y7.js ... 
2026-04-29 07:43:02 +0000  1086867 bytes for ./public/assets/index-BYXSW4Y7.js
2026-04-29 07:43:02 +0000  copying file ./public/assets/pdf.worker.min-FHbmGBN0.mjs ... 
2026-04-29 07:43:02 +0000  1244253 bytes for ./public/assets/pdf.worker.min-FHbmGBN0.mjs
2026-04-29 07:43:02 +0000  copying file ./public/assets/index.es-7rEfKLPJ.js ... 
2026-04-29 07:43:02 +0000  158791 bytes for ./public/assets/index.es-7rEfKLPJ.js
copying file ./public/assets/web-Dq-DL3Et.js ... 
2026-04-29 07:43:02 +0000  361 bytes for ./public/assets/web-Dq-DL3Et.js
2026-04-29 07:43:02 +0000  copying file ./public/assets/html2canvas.esm-DXEQVQnt.js ... 
2026-04-29 07:43:02 +0000  201041 bytes for ./public/assets/html2canvas.esm-DXEQVQnt.js
2026-04-29 07:43:02 +0000  copying file ./public/assets/index-BsVVPKaF.js ... 
2026-04-29 07:43:02 +0000  6490 bytes for ./public/assets/index-BsVVPKaF.js
2026-04-29 07:43:02 +0000  copying file ./public/assets/web-Di3DaxKH.js ... 
2026-04-29 07:43:02 +0000  8672 bytes for ./public/assets/web-Di3DaxKH.js
copying file ./public/assets/purify.es-21m173o_.js ... 
2026-04-29 07:43:02 +0000  22709 bytes for ./public/assets/purify.es-21m173o_.js
2026-04-29 07:43:02 +0000  copying file ./public/assets/localDocs-HNAVs0gJ.js ... 
2026-04-29 07:43:02 +0000  1721 bytes for ./public/assets/localDocs-HNAVs0gJ.js
2026-04-29 07:43:02 +0000  copying file ./public/assets/web-tzrxA0om.js ... 
2026-04-29 07:43:02 +0000  954 bytes for ./public/assets/web-tzrxA0om.js
2026-04-29 07:43:02 +0000  copying file ./public/assets/web-Dg5G7Z6H.js ... 
2026-04-29 07:43:02 +0000  10004 bytes for ./public/assets/web-Dg5G7Z6H.js
2026-04-29 07:43:02 +0000  copying file ./Assets.car ... 
2026-04-29 07:43:02 +0000  295496 bytes for ./Assets.car
2026-04-29 07:43:02 +0000  copying file ./AppIcon76x76@2x~ipad.png ... 
2026-04-29 07:43:02 +0000  6563 bytes for ./AppIcon76x76@2x~ipad.png
2026-04-29 07:43:02 +0000  copying file ./RevenueCat_RevenueCat.bundle/PrivacyInfo.xcprivacy ... 
2026-04-29 07:43:02 +0000  945 bytes for ./RevenueCat_RevenueCat.bundle/PrivacyInfo.xcprivacy
2026-04-29 07:43:02 +0000  copying file ./RevenueCat_RevenueCat.bundle/Info.plist ... 
2026-04-29 07:43:02 +0000  695 bytes for ./RevenueCat_RevenueCat.bundle/Info.plist
2026-04-29 07:43:02 +0000  copying file ./capacitor.config.json ... 
2026-04-29 07:43:02 +0000  590 bytes for ./capacitor.config.json
2026-04-29 07:43:02 +0000  copying file ./Frameworks/Capacitor.framework/_CodeSignature/CodeResources ... 
2026-04-29 07:43:02 +0000  2252 bytes for ./Frameworks/Capacitor.framework/_CodeSignature/CodeResources
2026-04-29 07:43:02 +0000  copying file ./Frameworks/Capacitor.framework/native-bridge.js ... 
2026-04-29 07:43:02 +0000  53467 bytes for ./Frameworks/Capacitor.framework/native-bridge.js
2026-04-29 07:43:02 +0000  copying file ./Frameworks/Capacitor.framework/Capacitor ... 
2026-04-29 07:43:02 +0000  860624 bytes for ./Frameworks/Capacitor.framework/Capacitor
2026-04-29 07:43:02 +0000  copying file ./Frameworks/Capacitor.framework/PrivacyInfo.xcprivacy ... 
2026-04-29 07:43:02 +0000  373 bytes for ./Frameworks/Capacitor.framework/PrivacyInfo.xcprivacy
2026-04-29 07:43:02 +0000  copying file ./Frameworks/Capacitor.framework/Info.plist ... 
2026-04-29 07:43:02 +0000  762 bytes for ./Frameworks/Capacitor.framework/Info.plist
2026-04-29 07:43:02 +0000  copying file ./Frameworks/Cordova.framework/_CodeSignature/CodeResources ... 
2026-04-29 07:43:02 +0000  2034 bytes for ./Frameworks/Cordova.framework/_CodeSignature/CodeResources
2026-04-29 07:43:02 +0000  copying file ./Frameworks/Cordova.framework/Cordova ... 
2026-04-29 07:43:02 +0000  128864 bytes for ./Frameworks/Cordova.framework/Cordova
2026-04-29 07:43:02 +0000  copying file ./Frameworks/Cordova.framework/PrivacyInfo.xcprivacy ... 
2026-04-29 07:43:02 +0000  373 bytes for ./Frameworks/Cordova.framework/PrivacyInfo.xcprivacy
2026-04-29 07:43:02 +0000  copying file ./Frameworks/Cordova.framework/Info.plist ... 
2026-04-29 07:43:02 +0000  794 bytes for ./Frameworks/Cordova.framework/Info.plist
2026-04-29 07:43:02 +0000  copying file ./embedded.mobileprovision ... 
2026-04-29 07:43:02 +0000  12264 bytes for ./embedded.mobileprovision
2026-04-29 07:43:02 +0000  copying file ./Info.plist ... 
2026-04-29 07:43:02 +0000  1845 bytes for ./Info.plist
2026-04-29 07:43:02 +0000  copying file ./IONCameraLib_IONCameraLib.bundle/Assets.car ... 
2026-04-29 07:43:02 +0000  24168 bytes for ./IONCameraLib_IONCameraLib.bundle/Assets.car
2026-04-29 07:43:02 +0000  copying file ./IONCameraLib_IONCameraLib.bundle/Info.plist ... 
2026-04-29 07:43:02 +0000  698 bytes for ./IONCameraLib_IONCameraLib.bundle/Info.plist
2026-04-29 07:43:02 +0000  copying file ./PkgInfo ... 
2026-04-29 07:43:02 +0000  8 bytes for ./PkgInfo
2026-04-29 07:43:02 +0000 [MT] /usr/bin/ditto exited with 0
2026-04-29 07:43:02 +0000 [MT] Processing step: IDEDistributionEmbedProfileStep
2026-04-29 07:43:02 +0000 [MT] Skipping profile for item: <IDEDistributionItem: 0x600000dfda40; bundleID='com.capacitorjs.ios.Capacitor', path='<DVTFilePath:0x6000002fad80:'/Users/user/Desktop/app_output/build/App.xcarchive/Products/Applications/App.app/Frameworks/Capacitor.framework'>', codeSigningInfo='<_DVTCodeSigningInformation_Path: 0x600000dfd9e0; isSigned='1', isAdHocSigned='0', signingCertificate='<DVTSigningCertificate: 0x600001c18180; name='Apple Development: Ibrahim Abu dbay (GT5TCDC486)', hash='C8A96A81FDF11262570EDA2533CDBAD15C547244', serialNumber='57F5E7E543104C5CAE926F5FA15E21F1', certificateKinds='(
    "1.2.840.113635.100.6.1.12",
    "1.2.840.113635.100.6.1.2"
), issueDate='2026-04-10 13:34:14 +0000''>', entitlements='(null)', teamID='JGA9YRT5S9', identifier='com.capacitorjs.ios.Capacitor', executablePath='<DVTFilePath:0x600000dc4c00:'/Users/user/Desktop/app_output/build/App.xcarchive/Products/Applications/App.app/Frameworks/Capacitor.framework/Capacitor'>', hardenedRuntime='0'>'>
2026-04-29 07:43:02 +0000 [MT] Skipping profile for item: <IDEDistributionItem: 0x600000dfdc80; bundleID='com.getcapacitor.ios.CapacitorCordova', path='<DVTFilePath:0x6000002fb170:'/Users/user/Desktop/app_output/build/App.xcarchive/Products/Applications/App.app/Frameworks/Cordova.framework'>', codeSigningInfo='<_DVTCodeSigningInformation_Path: 0x600000d1c960; isSigned='1', isAdHocSigned='0', signingCertificate='<DVTSigningCertificate: 0x600001c18180; name='Apple Development: Ibrahim Abu dbay (GT5TCDC486)', hash='C8A96A81FDF11262570EDA2533CDBAD15C547244', serialNumber='57F5E7E543104C5CAE926F5FA15E21F1', certificateKinds='(
    "1.2.840.113635.100.6.1.12",
    "1.2.840.113635.100.6.1.2"
), issueDate='2026-04-10 13:34:14 +0000''>', entitlements='(null)', teamID='JGA9YRT5S9', identifier='com.getcapacitor.ios.CapacitorCordova', executablePath='<DVTFilePath:0x600000dc5560:'/Users/user/Desktop/app_output/build/App.xcarchive/Products/Applications/App.app/Frameworks/Cordova.framework/Cordova'>', hardenedRuntime='0'>'>
2026-04-29 07:43:02 +0000 [MT] Processing step: IDEDistributionInfoPlistStep
2026-04-29 07:43:02 +0000 [MT] Skipping Info.plist step because item: <IDEDistributionItem: 0x600000dfda40; bundleID='com.capacitorjs.ios.Capacitor', path='<DVTFilePath:0x6000002fad80:'/Users/user/Desktop/app_output/build/App.xcarchive/Products/Applications/App.app/Frameworks/Capacitor.framework'>', codeSigningInfo='<_DVTCodeSigningInformation_Path: 0x600000dfd9e0; isSigned='1', isAdHocSigned='0', signingCertificate='<DVTSigningCertificate: 0x600001c76580; name='Apple Development: Ibrahim Abu dbay (GT5TCDC486)', hash='C8A96A81FDF11262570EDA2533CDBAD15C547244', serialNumber='57F5E7E543104C5CAE926F5FA15E21F1', certificateKinds='(
    "1.2.840.113635.100.6.1.12",
    "1.2.840.113635.100.6.1.2"
), issueDate='2026-04-10 13:34:14 +0000''>', entitlements='(null)', teamID='JGA9YRT5S9', identifier='com.capacitorjs.ios.Capacitor', executablePath='<DVTFilePath:0x600000dc4c00:'/Users/user/Desktop/app_output/build/App.xcarchive/Products/Applications/App.app/Frameworks/Capacitor.framework/Capacitor'>', hardenedRuntime='0'>'> is a framework or embedded in a framework.
2026-04-29 07:43:02 +0000 [MT] Skipping Info.plist step because item: <IDEDistributionItem: 0x600000dfdc80; bundleID='com.getcapacitor.ios.CapacitorCordova', path='<DVTFilePath:0x6000002fb170:'/Users/user/Desktop/app_output/build/App.xcarchive/Products/Applications/App.app/Frameworks/Cordova.framework'>', codeSigningInfo='<_DVTCodeSigningInformation_Path: 0x600000d1c960; isSigned='1', isAdHocSigned='0', signingCertificate='<DVTSigningCertificate: 0x600001c18180; name='Apple Development: Ibrahim Abu dbay (GT5TCDC486)', hash='C8A96A81FDF11262570EDA2533CDBAD15C547244', serialNumber='57F5E7E543104C5CAE926F5FA15E21F1', certificateKinds='(
    "1.2.840.113635.100.6.1.12",
    "1.2.840.113635.100.6.1.2"
), issueDate='2026-04-10 13:34:14 +0000''>', entitlements='(null)', teamID='JGA9YRT5S9', identifier='com.getcapacitor.ios.CapacitorCordova', executablePath='<DVTFilePath:0x600000dc5560:'/Users/user/Desktop/app_output/build/App.xcarchive/Products/Applications/App.app/Frameworks/Cordova.framework/Cordova'>', hardenedRuntime='0'>'> is a framework or embedded in a framework.
2026-04-29 07:43:02 +0000 [MT] Skipping setting DTXcodeBuildDistribution because toolsBuildVersionName was nil.
2026-04-29 07:43:02 +0000 [MT] Processing step: IDEDistributionItemRemovalStep
2026-04-29 07:43:02 +0000 [MT] Processing step: IDEDistributionAppThinningPlistStep
2026-04-29 07:43:02 +0000 [MT] Skipping step: IDEDistributionAppThinningPlistStep because it said so
2026-04-29 07:43:02 +0000 [MT] Processing step: IDEDistributionSymbolsStep
2026-04-29 07:43:02 +0000 [MT] Writing /var/folders/64/7g_ytb6x56l3s05htrg6jynh0000gn/T/XcodeDistPipeline.~~~SQjPDX/Symbols/8FF9AC03-0946-394C-8480-7D4AA9438523.symbols
2026-04-29 07:43:02 +0000 [MT] Writing /var/folders/64/7g_ytb6x56l3s05htrg6jynh0000gn/T/XcodeDistPipeline.~~~SQjPDX/Symbols/D33F5A99-B482-3D6B-A3A4-CE3A755D4FBA.symbols
2026-04-29 07:43:02 +0000 [MT] Writing /var/folders/64/7g_ytb6x56l3s05htrg6jynh0000gn/T/XcodeDistPipeline.~~~SQjPDX/Symbols/AA2E2AAA-BEC0-357F-8DE0-2F87FA094534.symbols
2026-04-29 07:43:02 +0000 [MT] Processing step: IDEDistributionCopyAppleProvidedContentStep
2026-04-29 07:43:02 +0000 [MT] Running /usr/bin/ditto '-V' '/Users/user/Desktop/app_output/build/App.xcarchive/Signatures' '/var/folders/64/7g_ytb6x56l3s05htrg6jynh0000gn/T/XcodeDistPipeline.~~~SQjPDX/Root/Signatures'
2026-04-29 07:43:02 +0000  >>> Copying /Users/user/Desktop/app_output/build/App.xcarchive/Signatures 
2026-04-29 07:43:02 +0000  copying file ./Capacitor.xcframework-ios.signature ... 
2026-04-29 07:43:02 +0000  6044 bytes for ./Capacitor.xcframework-ios.signature
2026-04-29 07:43:02 +0000  copying file ./Cordova.xcframework-ios.signature ... 
2026-04-29 07:43:02 +0000  6040 bytes for ./Cordova.xcframework-ios.signature
2026-04-29 07:43:02 +0000 [MT] /usr/bin/ditto exited with 0
2026-04-29 07:43:02 +0000 [MT] Processing step: IDEDistributionAppThinningStep
2026-04-29 07:43:02 +0000 [MT] Skipping step: IDEDistributionAppThinningStep because it said so
2026-04-29 07:43:02 +0000 [MT] Processing step: IDEDistributionArchThinningStep
2026-04-29 07:43:02 +0000 [MT] Archs to thin for item /Users/user/Desktop/app_output/build/App.xcarchive/Products/Applications/App.app/Frameworks/Capacitor.framework are []
2026-04-29 07:43:02 +0000 [MT] Archs to thin for item /Users/user/Desktop/app_output/build/App.xcarchive/Products/Applications/App.app/Frameworks/Cordova.framework are []
2026-04-29 07:43:02 +0000 [MT] Archs to thin for item /Users/user/Desktop/app_output/build/App.xcarchive/Products/Applications/App.app are []
2026-04-29 07:43:02 +0000 [MT] Processing step: IDEDistributionODRStep
2026-04-29 07:43:02 +0000 [MT] Processing step: IDEDistributionStripXattrsStep
2026-04-29 07:43:02 +0000 [MT] Skipping stripping extended attributes because the codesign step will strip them.
2026-04-29 07:43:02 +0000 [MT] Skipping stripping extended attributes because the codesign step will strip them.
2026-04-29 07:43:02 +0000 [MT] Skipping stripping extended attributes because the codesign step will strip them.
2026-04-29 07:43:02 +0000 [MT] Processing step: IDEDistributionCodesignStep
2026-04-29 07:43:02 +0000 [MT] Entitlements for <IDEDistributionItem: 0x600000dfda40; bundleID='com.capacitorjs.ios.Capacitor', path='<DVTFilePath:0x6000002fad80:'/Users/user/Desktop/app_output/build/App.xcarchive/Products/Applications/App.app/Frameworks/Capacitor.framework'>', codeSigningInfo='<_DVTCodeSigningInformation_Path: 0x600000dfd9e0; isSigned='1', isAdHocSigned='0', signingCertificate='<DVTSigningCertificate: 0x600001c00000; name='Apple Development: Ibrahim Abu dbay (GT5TCDC486)', hash='C8A96A81FDF11262570EDA2533CDBAD15C547244', serialNumber='57F5E7E543104C5CAE926F5FA15E21F1', certificateKinds='(
    "1.2.840.113635.100.6.1.12",
    "1.2.840.113635.100.6.1.2"
), issueDate='2026-04-10 13:34:14 +0000''>', entitlements='(null)', teamID='JGA9YRT5S9', identifier='com.capacitorjs.ios.Capacitor', executablePath='<DVTFilePath:0x600000dc4c00:'/Users/user/Desktop/app_output/build/App.xcarchive/Products/Applications/App.app/Frameworks/Capacitor.framework/Capacitor'>', hardenedRuntime='0'>'>: {
}
2026-04-29 07:43:02 +0000 [MT] Associated App Clip Identifiers Filter: Skipping because "com.apple.developer.associated-appclip-app-identifiers" is not present
2026-04-29 07:43:02 +0000 [MT] Entitlements for <IDEDistributionItem: 0x600000dfda40; bundleID='com.capacitorjs.ios.Capacitor', path='<DVTFilePath:0x6000002fad80:'/Users/user/Desktop/app_output/build/App.xcarchive/Products/Applications/App.app/Frameworks/Capacitor.framework'>', codeSigningInfo='<_DVTCodeSigningInformation_Path: 0x600000dfd9e0; isSigned='1', isAdHocSigned='0', signingCertificate='<DVTSigningCertificate: 0x600001c0c000; name='Apple Development: Ibrahim Abu dbay (GT5TCDC486)', hash='C8A96A81FDF11262570EDA2533CDBAD15C547244', serialNumber='57F5E7E543104C5CAE926F5FA15E21F1', certificateKinds='(
    "1.2.840.113635.100.6.1.12",
    "1.2.840.113635.100.6.1.2"
), issueDate='2026-04-10 13:34:14 +0000''>', entitlements='(null)', teamID='JGA9YRT5S9', identifier='com.capacitorjs.ios.Capacitor', executablePath='<DVTFilePath:0x600000dc4c00:'/Users/user/Desktop/app_output/build/App.xcarchive/Products/Applications/App.app/Frameworks/Capacitor.framework/Capacitor'>', hardenedRuntime='0'>'> are: {
}
2026-04-29 07:43:02 +0000 [MT] Writing entitlements for <IDEDistributionItem: 0x600000dfda40; bundleID='com.capacitorjs.ios.Capacitor', path='<DVTFilePath:0x6000002fad80:'/Users/user/Desktop/app_output/build/App.xcarchive/Products/Applications/App.app/Frameworks/Capacitor.framework'>', codeSigningInfo='<_DVTCodeSigningInformation_Path: 0x600000dfd9e0; isSigned='1', isAdHocSigned='0', signingCertificate='<DVTSigningCertificate: 0x600001c00000; name='Apple Development: Ibrahim Abu dbay (GT5TCDC486)', hash='C8A96A81FDF11262570EDA2533CDBAD15C547244', serialNumber='57F5E7E543104C5CAE926F5FA15E21F1', certificateKinds='(
    "1.2.840.113635.100.6.1.12",
    "1.2.840.113635.100.6.1.2"
), issueDate='2026-04-10 13:34:14 +0000''>', entitlements='(null)', teamID='JGA9YRT5S9', identifier='com.capacitorjs.ios.Capacitor', executablePath='<DVTFilePath:0x600000dc4c00:'/Users/user/Desktop/app_output/build/App.xcarchive/Products/Applications/App.app/Frameworks/Capacitor.framework/Capacitor'>', hardenedRuntime='0'>'> to: /var/folders/64/7g_ytb6x56l3s05htrg6jynh0000gn/T/XcodeDistPipeline.~~~SQjPDX/entitlements~~~Upp3zP
2026-04-29 07:43:02 +0000 [MT] invoking codesign: <NSConcreteTask: 0x6000009d0f50; launchPath='/usr/bin/codesign', arguments='(
    "-f",
    "-s",
    1514C3CFB780F4EDD40881D6668A079CBB270780,
    "--entitlements",
    "/var/folders/64/7g_ytb6x56l3s05htrg6jynh0000gn/T/XcodeDistPipeline.~~~SQjPDX/entitlements~~~Upp3zP",
    "--preserve-metadata=identifier,flags,runtime,launch-constraints,library-constraints",
    "--generate-entitlement-der",
    "--strip-disallowed-xattrs",
    "-vvv",
    "/var/folders/64/7g_ytb6x56l3s05htrg6jynh0000gn/T/XcodeDistPipeline.~~~SQjPDX/Root/Payload/App.app/Frameworks/Capacitor.framework"
)'>
2026-04-29 07:43:02 +0000 [MT] codesign output: /var/folders/64/7g_ytb6x56l3s05htrg6jynh0000gn/T/XcodeDistPipeline.~~~SQjPDX/Root/Payload/App.app/Frameworks/Capacitor.framework: replacing existing signature
/var/folders/64/7g_ytb6x56l3s05htrg6jynh0000gn/T/XcodeDistPipeline.~~~SQjPDX/Root/Payload/App.app/Frameworks/Capacitor.framework: signed bundle with Mach-O thin (arm64) [com.capacitorjs.ios.Capacitor]
2026-04-29 07:43:02 +0000 [MT] Entitlements for <IDEDistributionItem: 0x600000dfdc80; bundleID='com.getcapacitor.ios.CapacitorCordova', path='<DVTFilePath:0x6000002fb170:'/Users/user/Desktop/app_output/build/App.xcarchive/Products/Applications/App.app/Frameworks/Cordova.framework'>', codeSigningInfo='<_DVTCodeSigningInformation_Path: 0x600000d1c960; isSigned='1', isAdHocSigned='0', signingCertificate='<DVTSigningCertificate: 0x600001c00000; name='Apple Development: Ibrahim Abu dbay (GT5TCDC486)', hash='C8A96A81FDF11262570EDA2533CDBAD15C547244', serialNumber='57F5E7E543104C5CAE926F5FA15E21F1', certificateKinds='(
    "1.2.840.113635.100.6.1.12",
    "1.2.840.113635.100.6.1.2"
), issueDate='2026-04-10 13:34:14 +0000''>', entitlements='(null)', teamID='JGA9YRT5S9', identifier='com.getcapacitor.ios.CapacitorCordova', executablePath='<DVTFilePath:0x600000dc5560:'/Users/user/Desktop/app_output/build/App.xcarchive/Products/Applications/App.app/Frameworks/Cordova.framework/Cordova'>', hardenedRuntime='0'>'>: {
}
2026-04-29 07:43:02 +0000 [MT] Associated App Clip Identifiers Filter: Skipping because "com.apple.developer.associated-appclip-app-identifiers" is not present
2026-04-29 07:43:02 +0000 [MT] Entitlements for <IDEDistributionItem: 0x600000dfdc80; bundleID='com.getcapacitor.ios.CapacitorCordova', path='<DVTFilePath:0x6000002fb170:'/Users/user/Desktop/app_output/build/App.xcarchive/Products/Applications/App.app/Frameworks/Cordova.framework'>', codeSigningInfo='<_DVTCodeSigningInformation_Path: 0x600000d1c960; isSigned='1', isAdHocSigned='0', signingCertificate='<DVTSigningCertificate: 0x600001c00000; name='Apple Development: Ibrahim Abu dbay (GT5TCDC486)', hash='C8A96A81FDF11262570EDA2533CDBAD15C547244', serialNumber='57F5E7E543104C5CAE926F5FA15E21F1', certificateKinds='(
    "1.2.840.113635.100.6.1.12",
    "1.2.840.113635.100.6.1.2"
), issueDate='2026-04-10 13:34:14 +0000''>', entitlements='(null)', teamID='JGA9YRT5S9', identifier='com.getcapacitor.ios.CapacitorCordova', executablePath='<DVTFilePath:0x600000dc5560:'/Users/user/Desktop/app_output/build/App.xcarchive/Products/Applications/App.app/Frameworks/Cordova.framework/Cordova'>', hardenedRuntime='0'>'> are: {
}
2026-04-29 07:43:02 +0000 [MT] Writing entitlements for <IDEDistributionItem: 0x600000dfdc80; bundleID='com.getcapacitor.ios.CapacitorCordova', path='<DVTFilePath:0x6000002fb170:'/Users/user/Desktop/app_output/build/App.xcarchive/Products/Applications/App.app/Frameworks/Cordova.framework'>', codeSigningInfo='<_DVTCodeSigningInformation_Path: 0x600000d1c960; isSigned='1', isAdHocSigned='0', signingCertificate='<DVTSigningCertificate: 0x600001c08000; name='Apple Development: Ibrahim Abu dbay (GT5TCDC486)', hash='C8A96A81FDF11262570EDA2533CDBAD15C547244', serialNumber='57F5E7E543104C5CAE926F5FA15E21F1', certificateKinds='(
    "1.2.840.113635.100.6.1.12",
    "1.2.840.113635.100.6.1.2"
), issueDate='2026-04-10 13:34:14 +0000''>', entitlements='(null)', teamID='JGA9YRT5S9', identifier='com.getcapacitor.ios.CapacitorCordova', executablePath='<DVTFilePath:0x600000dc5560:'/Users/user/Desktop/app_output/build/App.xcarchive/Products/Applications/App.app/Frameworks/Cordova.framework/Cordova'>', hardenedRuntime='0'>'> to: /var/folders/64/7g_ytb6x56l3s05htrg6jynh0000gn/T/XcodeDistPipeline.~~~SQjPDX/entitlements~~~b4SQGU
2026-04-29 07:43:02 +0000 [MT] invoking codesign: <NSConcreteTask: 0x600000926300; launchPath='/usr/bin/codesign', arguments='(
    "-f",
    "-s",
    1514C3CFB780F4EDD40881D6668A079CBB270780,
    "--entitlements",
    "/var/folders/64/7g_ytb6x56l3s05htrg6jynh0000gn/T/XcodeDistPipeline.~~~SQjPDX/entitlements~~~b4SQGU",
    "--preserve-metadata=identifier,flags,runtime,launch-constraints,library-constraints",
    "--generate-entitlement-der",
    "--strip-disallowed-xattrs",
    "-vvv",
    "/var/folders/64/7g_ytb6x56l3s05htrg6jynh0000gn/T/XcodeDistPipeline.~~~SQjPDX/Root/Payload/App.app/Frameworks/Cordova.framework"
)'>
2026-04-29 07:43:02 +0000 [MT] codesign output: /var/folders/64/7g_ytb6x56l3s05htrg6jynh0000gn/T/XcodeDistPipeline.~~~SQjPDX/Root/Payload/App.app/Frameworks/Cordova.framework: replacing existing signature
/var/folders/64/7g_ytb6x56l3s05htrg6jynh0000gn/T/XcodeDistPipeline.~~~SQjPDX/Root/Payload/App.app/Frameworks/Cordova.framework: signed bundle with Mach-O thin (arm64) [com.getcapacitor.ios.CapacitorCordova]
2026-04-29 07:43:02 +0000 [MT] Entitlements for <IDEDistributionItem: 0x600000de84e0; bundleID='com.docera.app', path='<DVTFilePath:0x600000dc8780:'/Users/user/Desktop/app_output/build/App.xcarchive/Products/Applications/App.app'>', codeSigningInfo='<_DVTCodeSigningInformation_Path: 0x600000dfde60; isSigned='1', isAdHocSigned='0', signingCertificate='<DVTSigningCertificate: 0x600001c64000; name='Apple Development: Ibrahim Abu dbay (GT5TCDC486)', hash='C8A96A81FDF11262570EDA2533CDBAD15C547244', serialNumber='57F5E7E543104C5CAE926F5FA15E21F1', certificateKinds='(
    "1.2.840.113635.100.6.1.12",
    "1.2.840.113635.100.6.1.2"
), issueDate='2026-04-10 13:34:14 +0000''>', entitlements='{
    "application-identifier" = "JGA9YRT5S9.com.docera.app";
    "com.apple.developer.team-identifier" = JGA9YRT5S9;
    "get-task-allow" = 1;
}', teamID='JGA9YRT5S9', identifier='com.docera.app', executablePath='<DVTFilePath:0x600000dd2e80:'/Users/user/Desktop/app_output/build/App.xcarchive/Products/Applications/App.app/App'>', hardenedRuntime='0'>'>: {
    "application-identifier" = "JGA9YRT5S9.com.docera.app";
    "beta-reports-active" = 1;
    "com.apple.developer.team-identifier" = JGA9YRT5S9;
    "get-task-allow" = 0;
}
2026-04-29 07:43:02 +0000 [MT] Associated App Clip Identifiers Filter: Skipping because "com.apple.developer.associated-appclip-app-identifiers" is not present
2026-04-29 07:43:02 +0000 [MT] Entitlements for <IDEDistributionItem: 0x600000de84e0; bundleID='com.docera.app', path='<DVTFilePath:0x600000dc8780:'/Users/user/Desktop/app_output/build/App.xcarchive/Products/Applications/App.app'>', codeSigningInfo='<_DVTCodeSigningInformation_Path: 0x600000dfde60; isSigned='1', isAdHocSigned='0', signingCertificate='<DVTSigningCertificate: 0x600001c000c0; name='Apple Development: Ibrahim Abu dbay (GT5TCDC486)', hash='C8A96A81FDF11262570EDA2533CDBAD15C547244', serialNumber='57F5E7E543104C5CAE926F5FA15E21F1', certificateKinds='(
    "1.2.840.113635.100.6.1.12",
    "1.2.840.113635.100.6.1.2"
), issueDate='2026-04-10 13:34:14 +0000''>', entitlements='{
    "application-identifier" = "JGA9YRT5S9.com.docera.app";
    "com.apple.developer.team-identifier" = JGA9YRT5S9;
    "get-task-allow" = 1;
}', teamID='JGA9YRT5S9', identifier='com.docera.app', executablePath='<DVTFilePath:0x600000dd2e80:'/Users/user/Desktop/app_output/build/App.xcarchive/Products/Applications/App.app/App'>', hardenedRuntime='0'>'> are: {
    "application-identifier" = "JGA9YRT5S9.com.docera.app";
    "beta-reports-active" = 1;
    "com.apple.developer.team-identifier" = JGA9YRT5S9;
    "get-task-allow" = 0;
}
2026-04-29 07:43:02 +0000 [MT] Writing entitlements for <IDEDistributionItem: 0x600000de84e0; bundleID='com.docera.app', path='<DVTFilePath:0x600000dc8780:'/Users/user/Desktop/app_output/build/App.xcarchive/Products/Applications/App.app'>', codeSigningInfo='<_DVTCodeSigningInformation_Path: 0x600000dfde60; isSigned='1', isAdHocSigned='0', signingCertificate='<DVTSigningCertificate: 0x600001c000c0; name='Apple Development: Ibrahim Abu dbay (GT5TCDC486)', hash='C8A96A81FDF11262570EDA2533CDBAD15C547244', serialNumber='57F5E7E543104C5CAE926F5FA15E21F1', certificateKinds='(
    "1.2.840.113635.100.6.1.12",
    "1.2.840.113635.100.6.1.2"
), issueDate='2026-04-10 13:34:14 +0000''>', entitlements='{
    "application-identifier" = "JGA9YRT5S9.com.docera.app";
    "com.apple.developer.team-identifier" = JGA9YRT5S9;
    "get-task-allow" = 1;
}', teamID='JGA9YRT5S9', identifier='com.docera.app', executablePath='<DVTFilePath:0x600000dd2e80:'/Users/user/Desktop/app_output/build/App.xcarchive/Products/Applications/App.app/App'>', hardenedRuntime='0'>'> to: /var/folders/64/7g_ytb6x56l3s05htrg6jynh0000gn/T/XcodeDistPipeline.~~~SQjPDX/entitlements~~~uuJNWg
2026-04-29 07:43:02 +0000 [MT] invoking codesign: <NSConcreteTask: 0x6000009249b0; launchPath='/usr/bin/codesign', arguments='(
    "-f",
    "-s",
    1514C3CFB780F4EDD40881D6668A079CBB270780,
    "--entitlements",
    "/var/folders/64/7g_ytb6x56l3s05htrg6jynh0000gn/T/XcodeDistPipeline.~~~SQjPDX/entitlements~~~uuJNWg",
    "--preserve-metadata=identifier,flags,runtime,launch-constraints,library-constraints",
    "--generate-entitlement-der",
    "--strip-disallowed-xattrs",
    "-vvv",
    "/var/folders/64/7g_ytb6x56l3s05htrg6jynh0000gn/T/XcodeDistPipeline.~~~SQjPDX/Root/Payload/App.app"
)'>
2026-04-29 07:43:03 +0000 [MT] codesign output: /var/folders/64/7g_ytb6x56l3s05htrg6jynh0000gn/T/XcodeDistPipeline.~~~SQjPDX/Root/Payload/App.app: replacing existing signature
/var/folders/64/7g_ytb6x56l3s05htrg6jynh0000gn/T/XcodeDistPipeline.~~~SQjPDX/Root/Payload/App.app: signed app bundle with Mach-O thin (arm64) [com.docera.app]
2026-04-29 07:43:03 +0000 [MT] Processing step: IDEDistributionZipODRItemStep
2026-04-29 07:43:03 +0000 [MT] Skipping step: IDEDistributionZipODRItemStep because it said so
2026-04-29 07:43:03 +0000 [MT] Skipping step: IDEDistributionZipODRItemStep because it said so
2026-04-29 07:43:03 +0000 [MT] Skipping step: IDEDistributionZipODRItemStep because it said so
2026-04-29 07:43:03 +0000 [MT] Processing step: IDEDistributionCreateIPAStep
2026-04-29 07:43:03 +0000 [MT] Running /usr/bin/rsync '-8aPhhE' '/var/folders/64/7g_ytb6x56l3s05htrg6jynh0000gn/T/XcodeDistPipeline.~~~SQjPDX/Symbols' '--link-dest' '/var/folders/64/7g_ytb6x56l3s05htrg6jynh0000gn/T/XcodeDistPipeline.~~~SQjPDX' '/var/folders/64/7g_ytb6x56l3s05htrg6jynh0000gn/T/XcodeDistPipeline.~~~SQjPDX/Root'
2026-04-29 07:43:03 +0000  Symbols/
Symbols/8FF9AC03-0946-394C-8480-7D4AA9438523.symbols
Symbols/AA2E2AAA-BEC0-357F-8DE0-2F87FA094534.symbols
Symbols/D33F5A99-B482-3D6B-A3A4-CE3A755D4FBA.symbols
2026-04-29 07:43:03 +0000 [MT] /usr/bin/rsync exited with 0
2026-04-29 07:43:03 +0000 [MT] Running /usr/bin/ditto '-V' '-c' '-k' '--norsrc' '/var/folders/64/7g_ytb6x56l3s05htrg6jynh0000gn/T/XcodeDistPipeline.~~~SQjPDX/Root' '/var/folders/64/7g_ytb6x56l3s05htrg6jynh0000gn/T/XcodeDistPipeline.~~~SQjPDX/Packages/App.ipa'
2026-04-29 07:43:03 +0000  >>> Copying /var/folders/64/7g_ytb6x56l3s05htrg6jynh0000gn/T/XcodeDistPipeline.~~~SQjPDX/Root 
2026-04-29 07:43:03 +0000  copying file ./Signatures/Capacitor.xcframework-ios.signature ... 
2026-04-29 07:43:03 +0000  6044 bytes for ./Signatures/Capacitor.xcframework-ios.signature
2026-04-29 07:43:03 +0000  copying file ./Signatures/Cordova.xcframework-ios.signature ... 
2026-04-29 07:43:03 +0000  6040 bytes for ./Signatures/Cordova.xcframework-ios.signature
2026-04-29 07:43:03 +0000  copying file ./Payload/App.app/_CodeSignature/CodeResources ... 
2026-04-29 07:43:03 +0000  13405 bytes for ./Payload/App.app/_CodeSignature/CodeResources
copying file ./Payload/App.app/File.txt ... 
2026-04-29 07:43:03 +0000  2339 bytes for ./Payload/App.app/File.txt
copying file ./Payload/App.app/App ... 
2026-04-29 07:43:03 +0000  6358944 bytes for ./Payload/App.app/App
2026-04-29 07:43:03 +0000  copying file ./Payload/App.app/AppIcon60x60@2x.png ... 
4734 bytes for ./Payload/App.app/AppIcon60x60@2x.png
2026-04-29 07:43:03 +0000  copying file ./Payload/App.app/Base.lproj/Main.storyboardc/UIViewController-BYZ-38-t0r.nib ... 
2026-04-29 07:43:03 +0000  858 bytes for ./Payload/App.app/Base.lproj/Main.storyboardc/UIViewController-BYZ-38-t0r.nib
copying file ./Payload/App.app/Base.lproj/Main.storyboardc/Info.plist ... 
2026-04-29 07:43:03 +0000  258 bytes for ./Payload/App.app/Base.lproj/Main.storyboardc/Info.plist
2026-04-29 07:43:03 +0000  copying file ./Payload/App.app/Base.lproj/LaunchScreen.storyboardc/01J-lp-oVM-view-snD-IY-ifK.nib ... 
1278 bytes for ./Payload/App.app/Base.lproj/LaunchScreen.storyboardc/01J-lp-oVM-view-snD-IY-ifK.nib
2026-04-29 07:43:03 +0000  copying file ./Payload/App.app/Base.lproj/LaunchScreen.storyboardc/UIViewController-01J-lp-oVM.nib ... 
924 bytes for ./Payload/App.app/Base.lproj/LaunchScreen.storyboardc/UIViewController-01J-lp-oVM.nib
copying file ./Payload/App.app/Base.lproj/LaunchScreen.storyboardc/Info.plist ... 
2026-04-29 07:43:03 +0000  258 bytes for ./Payload/App.app/Base.lproj/LaunchScreen.storyboardc/Info.plist
copying file ./Payload/App.app/config.xml ... 
185 bytes for ./Payload/App.app/config.xml
2026-04-29 07:43:03 +0000  copying file ./Payload/App.app/public/index.html ... 
2026-04-29 07:43:03 +0000  2991 bytes for ./Payload/App.app/public/index.html
copying file ./Payload/App.app/public/cordova.js ... 
0 bytes for ./Payload/App.app/public/cordova.js
copying file ./Payload/App.app/public/favicon.png ... 
2026-04-29 07:43:03 +0000  1145 bytes for ./Payload/App.app/public/favicon.png
copying file ./Payload/App.app/public/cordova_plugins.js ... 
2026-04-29 07:43:03 +0000  0 bytes for ./Payload/App.app/public/cordova_plugins.js
2026-04-29 07:43:03 +0000  copying file ./Payload/App.app/public/assets/index-C-_mgy1-.css ... 
2026-04-29 07:43:03 +0000  93058 bytes for ./Payload/App.app/public/assets/index-C-_mgy1-.css
2026-04-29 07:43:03 +0000  copying file ./Payload/App.app/public/assets/pdf-C4heYEAT.js ... 
2026-04-29 07:43:03 +0000  411005 bytes for ./Payload/App.app/public/assets/pdf-C4heYEAT.js
2026-04-29 07:43:03 +0000  copying file ./Payload/App.app/public/assets/web-CRpOID4r.js ... 
842 bytes for ./Payload/App.app/public/assets/web-CRpOID4r.js
2026-04-29 07:43:03 +0000  copying file ./Payload/App.app/public/assets/web-BaKRh6ye.js ... 
379 bytes for ./Payload/App.app/public/assets/web-BaKRh6ye.js
2026-04-29 07:43:03 +0000  copying file ./Payload/App.app/public/assets/index-291w3hTS.js ... 
553 bytes for ./Payload/App.app/public/assets/index-291w3hTS.js
copying file ./Payload/App.app/public/assets/index-BYXSW4Y7.js ... 
2026-04-29 07:43:03 +0000  1086867 bytes for ./Payload/App.app/public/assets/index-BYXSW4Y7.js
2026-04-29 07:43:03 +0000  copying file ./Payload/App.app/public/assets/pdf.worker.min-FHbmGBN0.mjs ... 
2026-04-29 07:43:03 +0000  1244253 bytes for ./Payload/App.app/public/assets/pdf.worker.min-FHbmGBN0.mjs
2026-04-29 07:43:03 +0000  copying file ./Payload/App.app/public/assets/index.es-7rEfKLPJ.js ... 
2026-04-29 07:43:03 +0000  158791 bytes for ./Payload/App.app/public/assets/index.es-7rEfKLPJ.js
2026-04-29 07:43:03 +0000  copying file ./Payload/App.app/public/assets/web-Dq-DL3Et.js ... 
2026-04-29 07:43:03 +0000  361 bytes for ./Payload/App.app/public/assets/web-Dq-DL3Et.js
copying file ./Payload/App.app/public/assets/html2canvas.esm-DXEQVQnt.js ... 
2026-04-29 07:43:03 +0000  201041 bytes for ./Payload/App.app/public/assets/html2canvas.esm-DXEQVQnt.js
2026-04-29 07:43:03 +0000  copying file ./Payload/App.app/public/assets/index-BsVVPKaF.js ... 
2026-04-29 07:43:03 +0000  6490 bytes for ./Payload/App.app/public/assets/index-BsVVPKaF.js
copying file ./Payload/App.app/public/assets/web-Di3DaxKH.js ... 
2026-04-29 07:43:03 +0000  8672 bytes for ./Payload/App.app/public/assets/web-Di3DaxKH.js
2026-04-29 07:43:03 +0000  copying file ./Payload/App.app/public/assets/purify.es-21m173o_.js ... 
2026-04-29 07:43:03 +0000  22709 bytes for ./Payload/App.app/public/assets/purify.es-21m173o_.js
2026-04-29 07:43:03 +0000  copying file ./Payload/App.app/public/assets/localDocs-HNAVs0gJ.js ... 
1721 bytes for ./Payload/App.app/public/assets/localDocs-HNAVs0gJ.js
2026-04-29 07:43:03 +0000  copying file ./Payload/App.app/public/assets/web-tzrxA0om.js ... 
954 bytes for ./Payload/App.app/public/assets/web-tzrxA0om.js
copying file ./Payload/App.app/public/assets/web-Dg5G7Z6H.js ... 
2026-04-29 07:43:03 +0000  10004 bytes for ./Payload/App.app/public/assets/web-Dg5G7Z6H.js
copying file ./Payload/App.app/Assets.car ... 
2026-04-29 07:43:03 +0000  295496 bytes for ./Payload/App.app/Assets.car
2026-04-29 07:43:03 +0000  copying file ./Payload/App.app/AppIcon76x76@2x~ipad.png ... 
2026-04-29 07:43:03 +0000  6563 bytes for ./Payload/App.app/AppIcon76x76@2x~ipad.png
copying file ./Payload/App.app/RevenueCat_RevenueCat.bundle/PrivacyInfo.xcprivacy ... 
2026-04-29 07:43:03 +0000  945 bytes for ./Payload/App.app/RevenueCat_RevenueCat.bundle/PrivacyInfo.xcprivacy
copying file ./Payload/App.app/RevenueCat_RevenueCat.bundle/Info.plist ... 
2026-04-29 07:43:03 +0000  695 bytes for ./Payload/App.app/RevenueCat_RevenueCat.bundle/Info.plist
copying file ./Payload/App.app/capacitor.config.json ... 
590 bytes for ./Payload/App.app/capacitor.config.json
2026-04-29 07:43:03 +0000  copying file ./Payload/App.app/Frameworks/Capacitor.framework/_CodeSignature/CodeResources ... 
2026-04-29 07:43:03 +0000  2252 bytes for ./Payload/App.app/Frameworks/Capacitor.framework/_CodeSignature/CodeResources
copying file ./Payload/App.app/Frameworks/Capacitor.framework/native-bridge.js ... 
2026-04-29 07:43:03 +0000  53467 bytes for ./Payload/App.app/Frameworks/Capacitor.framework/native-bridge.js
2026-04-29 07:43:03 +0000  copying file ./Payload/App.app/Frameworks/Capacitor.framework/Capacitor ... 
2026-04-29 07:43:03 +0000  860624 bytes for ./Payload/App.app/Frameworks/Capacitor.framework/Capacitor
2026-04-29 07:43:03 +0000  copying file ./Payload/App.app/Frameworks/Capacitor.framework/PrivacyInfo.xcprivacy ... 
373 bytes for ./Payload/App.app/Frameworks/Capacitor.framework/PrivacyInfo.xcprivacy
copying file ./Payload/App.app/Frameworks/Capacitor.framework/Info.plist ... 
2026-04-29 07:43:03 +0000  762 bytes for ./Payload/App.app/Frameworks/Capacitor.framework/Info.plist
2026-04-29 07:43:03 +0000  copying file ./Payload/App.app/Frameworks/Cordova.framework/_CodeSignature/CodeResources ... 
2026-04-29 07:43:03 +0000  2034 bytes for ./Payload/App.app/Frameworks/Cordova.framework/_CodeSignature/CodeResources
copying file ./Payload/App.app/Frameworks/Cordova.framework/Cordova ... 
2026-04-29 07:43:03 +0000  128864 bytes for ./Payload/App.app/Frameworks/Cordova.framework/Cordova
2026-04-29 07:43:03 +0000  copying file ./Payload/App.app/Frameworks/Cordova.framework/PrivacyInfo.xcprivacy ... 
373 bytes for ./Payload/App.app/Frameworks/Cordova.framework/PrivacyInfo.xcprivacy
copying file ./Payload/App.app/Frameworks/Cordova.framework/Info.plist ... 
2026-04-29 07:43:03 +0000  794 bytes for ./Payload/App.app/Frameworks/Cordova.framework/Info.plist
copying file ./Payload/App.app/embedded.mobileprovision ... 
2026-04-29 07:43:03 +0000  14264 bytes for ./Payload/App.app/embedded.mobileprovision
2026-04-29 07:43:03 +0000  copying file ./Payload/App.app/Info.plist ... 
2026-04-29 07:43:03 +0000  1845 bytes for ./Payload/App.app/Info.plist
copying file ./Payload/App.app/IONCameraLib_IONCameraLib.bundle/Assets.car ... 
2026-04-29 07:43:03 +0000  24168 bytes for ./Payload/App.app/IONCameraLib_IONCameraLib.bundle/Assets.car
2026-04-29 07:43:03 +0000  copying file ./Payload/App.app/IONCameraLib_IONCameraLib.bundle/Info.plist ... 
698 bytes for ./Payload/App.app/IONCameraLib_IONCameraLib.bundle/Info.plist
copying file ./Payload/App.app/PkgInfo ... 
2026-04-29 07:43:03 +0000  8 bytes for ./Payload/App.app/PkgInfo
2026-04-29 07:43:03 +0000  copying file ./Symbols/D33F5A99-B482-3D6B-A3A4-CE3A755D4FBA.symbols ... 
2026-04-29 07:43:03 +0000  1253796 bytes for ./Symbols/D33F5A99-B482-3D6B-A3A4-CE3A755D4FBA.symbols
2026-04-29 07:43:03 +0000  copying file ./Symbols/8FF9AC03-0946-394C-8480-7D4AA9438523.symbols ... 
2026-04-29 07:43:03 +0000  14106212 bytes for ./Symbols/8FF9AC03-0946-394C-8480-7D4AA9438523.symbols
2026-04-29 07:43:03 +0000  copying file ./Symbols/AA2E2AAA-BEC0-357F-8DE0-2F87FA094534.symbols ... 
2026-04-29 07:43:03 +0000  49196 bytes for ./Symbols/AA2E2AAA-BEC0-357F-8DE0-2F87FA094534.symbols
2026-04-29 07:43:03 +0000 [MT] /usr/bin/ditto exited with 0
2026-04-29 07:43:03 +0000 [MT] Processing step: IDEDistributionAppStoreInformationStep
2026-04-29 07:43:03 +0000 [MT] Skipping step: IDEDistributionAppStoreInformationStep because it said so
2026-04-29 07:43:03 +0000 [MT] Processing step: IDEDistributionGenerateProcessedDistributionItems
2026-04-29 07:43:03 +0000 [MT] IDEDistributionItem init <DVTFilePath:0x600008120070:'/var/folders/64/7g_ytb6x56l3s05htrg6jynh0000gn/T/XcodeDistPipeline.~~~SQjPDX/Root/Payload/App.app/Frameworks/Capacitor.framework'>
2026-04-29 07:43:03 +0000 [MT] IDEDistributionItem init <DVTFilePath:0x600008140000:'/var/folders/64/7g_ytb6x56l3s05htrg6jynh0000gn/T/XcodeDistPipeline.~~~SQjPDX/Root/Payload/App.app/Frameworks/Cordova.framework'>
2026-04-29 07:43:03 +0000 [MT] IDEDistributionItem init <DVTFilePath:0x600000d8c8a0:'/var/folders/64/7g_ytb6x56l3s05htrg6jynh0000gn/T/XcodeDistPipeline.~~~SQjPDX/Root/Payload/App.app'>
2026-04-29 07:43:03 +0000 [MT] Processing step: IDEDistributionCreateManifestStep
2026-04-29 07:43:03 +0000 [MT] Skipping step: IDEDistributionCreateManifestStep because it said so
